mode: set
github.com/murat96k/kitaptar.kz/internal/auth/handler/handler.go:9.41,13.2 1 1
github.com/murat96k/kitaptar.kz/internal/auth/handler/middleware.go:10.36,11.32 1 0
github.com/murat96k/kitaptar.kz/internal/auth/handler/middleware.go:11.32,24.3 9 0
github.com/murat96k/kitaptar.kz/internal/auth/handler/router.go:20.44,34.2 7 1
github.com/murat96k/kitaptar.kz/internal/auth/handler/user.go:23.48,26.49 2 1
github.com/murat96k/kitaptar.kz/internal/auth/handler/user.go:26.49,29.3 2 1
github.com/murat96k/kitaptar.kz/internal/auth/handler/user.go:31.2,32.16 2 1
github.com/murat96k/kitaptar.kz/internal/auth/handler/user.go:32.16,35.3 2 1
github.com/murat96k/kitaptar.kz/internal/auth/handler/user.go:36.2,36.61 1 1
github.com/murat96k/kitaptar.kz/internal/auth/handler/user.go:50.47,54.49 2 0
github.com/murat96k/kitaptar.kz/internal/auth/handler/user.go:54.49,57.3 2 0
github.com/murat96k/kitaptar.kz/internal/auth/handler/user.go:59.2,60.16 2 0
github.com/murat96k/kitaptar.kz/internal/auth/handler/user.go:60.16,63.3 2 0
github.com/murat96k/kitaptar.kz/internal/auth/handler/user.go:65.2,67.3 1 0
github.com/murat96k/kitaptar.kz/internal/auth/handler/user.go:81.45,85.55 2 0
github.com/murat96k/kitaptar.kz/internal/auth/handler/user.go:85.55,88.3 2 0
github.com/murat96k/kitaptar.kz/internal/auth/handler/user.go:90.2,93.16 3 0
github.com/murat96k/kitaptar.kz/internal/auth/handler/user.go:93.16,96.3 2 0
github.com/murat96k/kitaptar.kz/internal/auth/handler/user.go:98.2,100.3 1 0
github.com/murat96k/kitaptar.kz/internal/kitaptar/handler/author.go:19.51,23.16 2 1
github.com/murat96k/kitaptar.kz/internal/kitaptar/handler/author.go:23.16,26.3 2 1
github.com/murat96k/kitaptar.kz/internal/kitaptar/handler/author.go:28.2,28.34 1 1
github.com/murat96k/kitaptar.kz/internal/kitaptar/handler/author.go:42.51,45.20 2 1
github.com/murat96k/kitaptar.kz/internal/kitaptar/handler/author.go:45.20,48.3 2 0
github.com/murat96k/kitaptar.kz/internal/kitaptar/handler/author.go:50.2,51.16 2 1
github.com/murat96k/kitaptar.kz/internal/kitaptar/handler/author.go:51.16,54.3 2 1
github.com/murat96k/kitaptar.kz/internal/kitaptar/handler/author.go:56.2,56.33 1 1
github.com/murat96k/kitaptar.kz/internal/kitaptar/handler/author.go:69.53,74.16 3 0
github.com/murat96k/kitaptar.kz/internal/kitaptar/handler/author.go:74.16,77.3 2 0
github.com/murat96k/kitaptar.kz/internal/kitaptar/handler/author.go:79.2,79.34 1 0
github.com/murat96k/kitaptar.kz/internal/kitaptar/handler/author.go:94.50,99.46 3 1
github.com/murat96k/kitaptar.kz/internal/kitaptar/handler/author.go:99.46,102.3 2 0
github.com/murat96k/kitaptar.kz/internal/kitaptar/handler/author.go:104.2,111.16 5 1
github.com/murat96k/kitaptar.kz/internal/kitaptar/handler/author.go:111.16,114.3 2 1
github.com/murat96k/kitaptar.kz/internal/kitaptar/handler/author.go:116.2,116.63 1 1
github.com/murat96k/kitaptar.kz/internal/kitaptar/handler/author.go:132.50,136.43 2 1
github.com/murat96k/kitaptar.kz/internal/kitaptar/handler/author.go:136.43,139.3 2 0
github.com/murat96k/kitaptar.kz/internal/kitaptar/handler/author.go:141.2,142.20 2 1
github.com/murat96k/kitaptar.kz/internal/kitaptar/handler/author.go:142.20,145.3 2 0
github.com/murat96k/kitaptar.kz/internal/kitaptar/handler/author.go:146.2,146.34 1 1
github.com/murat96k/kitaptar.kz/internal/kitaptar/handler/author.go:146.34,149.3 2 0
github.com/murat96k/kitaptar.kz/internal/kitaptar/handler/author.go:151.2,152.16 2 1
github.com/murat96k/kitaptar.kz/internal/kitaptar/handler/author.go:152.16,155.3 2 1
github.com/murat96k/kitaptar.kz/internal/kitaptar/handler/author.go:157.2,157.30 1 1
github.com/murat96k/kitaptar.kz/internal/kitaptar/handler/author.go:171.50,174.20 2 1
github.com/murat96k/kitaptar.kz/internal/kitaptar/handler/author.go:174.20,177.3 2 0
github.com/murat96k/kitaptar.kz/internal/kitaptar/handler/author.go:179.2,180.16 2 1
github.com/murat96k/kitaptar.kz/internal/kitaptar/handler/author.go:180.16,183.3 2 1
github.com/murat96k/kitaptar.kz/internal/kitaptar/handler/author.go:185.2,185.66 1 1
github.com/murat96k/kitaptar.kz/internal/kitaptar/handler/book.go:29.49,35.16 3 1
github.com/murat96k/kitaptar.kz/internal/kitaptar/handler/book.go:35.16,38.3 2 1
github.com/murat96k/kitaptar.kz/internal/kitaptar/handler/book.go:40.2,40.32 1 1
github.com/murat96k/kitaptar.kz/internal/kitaptar/handler/book.go:54.49,57.18 2 1
github.com/murat96k/kitaptar.kz/internal/kitaptar/handler/book.go:57.18,60.3 2 0
github.com/murat96k/kitaptar.kz/internal/kitaptar/handler/book.go:61.2,63.16 3 1
github.com/murat96k/kitaptar.kz/internal/kitaptar/handler/book.go:63.16,66.3 2 1
github.com/murat96k/kitaptar.kz/internal/kitaptar/handler/book.go:68.2,68.31 1 1
github.com/murat96k/kitaptar.kz/internal/kitaptar/handler/book.go:81.51,86.16 3 0
github.com/murat96k/kitaptar.kz/internal/kitaptar/handler/book.go:86.16,89.3 2 0
github.com/murat96k/kitaptar.kz/internal/kitaptar/handler/book.go:91.2,91.32 1 0
github.com/murat96k/kitaptar.kz/internal/kitaptar/handler/book.go:106.48,110.43 2 1
github.com/murat96k/kitaptar.kz/internal/kitaptar/handler/book.go:110.43,113.3 2 0
github.com/murat96k/kitaptar.kz/internal/kitaptar/handler/book.go:115.2,116.16 2 1
github.com/murat96k/kitaptar.kz/internal/kitaptar/handler/book.go:116.16,119.3 2 1
github.com/murat96k/kitaptar.kz/internal/kitaptar/handler/book.go:121.2,121.61 1 1
github.com/murat96k/kitaptar.kz/internal/kitaptar/handler/book.go:137.48,141.43 2 1
github.com/murat96k/kitaptar.kz/internal/kitaptar/handler/book.go:141.43,144.3 2 0
github.com/murat96k/kitaptar.kz/internal/kitaptar/handler/book.go:146.2,147.18 2 1
github.com/murat96k/kitaptar.kz/internal/kitaptar/handler/book.go:147.18,150.3 2 0
github.com/murat96k/kitaptar.kz/internal/kitaptar/handler/book.go:152.2,152.32 1 1
github.com/murat96k/kitaptar.kz/internal/kitaptar/handler/book.go:152.32,155.3 2 0
github.com/murat96k/kitaptar.kz/internal/kitaptar/handler/book.go:157.2,158.16 2 1
github.com/murat96k/kitaptar.kz/internal/kitaptar/handler/book.go:158.16,161.3 2 1
github.com/murat96k/kitaptar.kz/internal/kitaptar/handler/book.go:163.2,163.30 1 1
github.com/murat96k/kitaptar.kz/internal/kitaptar/handler/book.go:177.48,180.18 2 1
github.com/murat96k/kitaptar.kz/internal/kitaptar/handler/book.go:180.18,183.3 2 0
github.com/murat96k/kitaptar.kz/internal/kitaptar/handler/book.go:185.2,186.16 2 1
github.com/murat96k/kitaptar.kz/internal/kitaptar/handler/book.go:186.16,189.3 2 1
github.com/murat96k/kitaptar.kz/internal/kitaptar/handler/book.go:191.2,191.64 1 1
github.com/murat96k/kitaptar.kz/internal/kitaptar/handler/book.go:205.52,207.18 2 0
github.com/murat96k/kitaptar.kz/internal/kitaptar/handler/book.go:207.18,210.3 2 0
github.com/murat96k/kitaptar.kz/internal/kitaptar/handler/book.go:212.2,213.16 2 0
github.com/murat96k/kitaptar.kz/internal/kitaptar/handler/book.go:213.16,216.3 2 0
github.com/murat96k/kitaptar.kz/internal/kitaptar/handler/book.go:218.2,219.16 2 0
github.com/murat96k/kitaptar.kz/internal/kitaptar/handler/book.go:219.16,222.3 2 0
github.com/murat96k/kitaptar.kz/internal/kitaptar/handler/book.go:224.2,224.116 1 0
github.com/murat96k/kitaptar.kz/internal/kitaptar/handler/book.go:238.54,240.18 2 0
github.com/murat96k/kitaptar.kz/internal/kitaptar/handler/book.go:240.18,243.3 2 0
github.com/murat96k/kitaptar.kz/internal/kitaptar/handler/book.go:245.2,246.16 2 0
github.com/murat96k/kitaptar.kz/internal/kitaptar/handler/book.go:246.16,249.3 2 0
github.com/murat96k/kitaptar.kz/internal/kitaptar/handler/book.go:251.2,252.16 2 0
github.com/murat96k/kitaptar.kz/internal/kitaptar/handler/book.go:252.16,255.3 2 0
github.com/murat96k/kitaptar.kz/internal/kitaptar/handler/book.go:257.2,257.35 1 0
github.com/murat96k/kitaptar.kz/internal/kitaptar/handler/book.go:271.57,273.18 2 0
github.com/murat96k/kitaptar.kz/internal/kitaptar/handler/book.go:273.18,276.3 2 0
github.com/murat96k/kitaptar.kz/internal/kitaptar/handler/book.go:278.2,279.16 2 0
github.com/murat96k/kitaptar.kz/internal/kitaptar/handler/book.go:279.16,282.3 2 0
github.com/murat96k/kitaptar.kz/internal/kitaptar/handler/book.go:284.2,285.16 2 0
github.com/murat96k/kitaptar.kz/internal/kitaptar/handler/book.go:285.16,288.3 2 0
github.com/murat96k/kitaptar.kz/internal/kitaptar/handler/book.go:290.2,290.79 1 0
github.com/murat96k/kitaptar.kz/internal/kitaptar/handler/dto.go:24.46,28.2 1 1
github.com/murat96k/kitaptar.kz/internal/kitaptar/handler/dto.go:34.78,37.2 2 1
github.com/murat96k/kitaptar.kz/internal/kitaptar/handler/dto.go:39.76,42.2 2 1
github.com/murat96k/kitaptar.kz/internal/kitaptar/handler/dto.go:44.78,47.2 2 1
github.com/murat96k/kitaptar.kz/internal/kitaptar/handler/dto.go:49.82,52.2 2 1
github.com/murat96k/kitaptar.kz/internal/kitaptar/handler/dto.go:54.53,56.2 1 1
github.com/murat96k/kitaptar.kz/internal/kitaptar/handler/dto.go:64.58,68.2 1 1
github.com/murat96k/kitaptar.kz/internal/kitaptar/handler/dto.go:70.107,77.2 2 1
github.com/murat96k/kitaptar.kz/internal/kitaptar/handler/file_path.go:19.53,23.16 2 1
github.com/murat96k/kitaptar.kz/internal/kitaptar/handler/file_path.go:23.16,26.3 2 1
github.com/murat96k/kitaptar.kz/internal/kitaptar/handler/file_path.go:28.2,28.36 1 1
github.com/murat96k/kitaptar.kz/internal/kitaptar/handler/file_path.go:42.53,45.22 2 1
github.com/murat96k/kitaptar.kz/internal/kitaptar/handler/file_path.go:45.22,48.3 2 0
github.com/murat96k/kitaptar.kz/internal/kitaptar/handler/file_path.go:50.2,51.16 2 1
github.com/murat96k/kitaptar.kz/internal/kitaptar/handler/file_path.go:51.16,54.3 2 1
github.com/murat96k/kitaptar.kz/internal/kitaptar/handler/file_path.go:56.2,56.35 1 1
github.com/murat96k/kitaptar.kz/internal/kitaptar/handler/file_path.go:71.52,74.43 2 1
github.com/murat96k/kitaptar.kz/internal/kitaptar/handler/file_path.go:74.43,77.3 2 0
github.com/murat96k/kitaptar.kz/internal/kitaptar/handler/file_path.go:79.2,80.16 2 1
github.com/murat96k/kitaptar.kz/internal/kitaptar/handler/file_path.go:80.16,83.3 2 1
github.com/murat96k/kitaptar.kz/internal/kitaptar/handler/file_path.go:85.2,85.65 1 1
github.com/murat96k/kitaptar.kz/internal/kitaptar/handler/file_path.go:101.52,104.43 2 1
github.com/murat96k/kitaptar.kz/internal/kitaptar/handler/file_path.go:104.43,107.3 2 0
github.com/murat96k/kitaptar.kz/internal/kitaptar/handler/file_path.go:108.2,109.22 2 1
github.com/murat96k/kitaptar.kz/internal/kitaptar/handler/file_path.go:109.22,112.3 2 0
github.com/murat96k/kitaptar.kz/internal/kitaptar/handler/file_path.go:114.2,114.36 1 1
github.com/murat96k/kitaptar.kz/internal/kitaptar/handler/file_path.go:114.36,117.3 2 0
github.com/murat96k/kitaptar.kz/internal/kitaptar/handler/file_path.go:119.2,120.16 2 1
github.com/murat96k/kitaptar.kz/internal/kitaptar/handler/file_path.go:120.16,123.3 2 1
github.com/murat96k/kitaptar.kz/internal/kitaptar/handler/file_path.go:125.2,125.30 1 1
github.com/murat96k/kitaptar.kz/internal/kitaptar/handler/file_path.go:139.52,142.22 2 1
github.com/murat96k/kitaptar.kz/internal/kitaptar/handler/file_path.go:142.22,145.3 2 0
github.com/murat96k/kitaptar.kz/internal/kitaptar/handler/file_path.go:147.2,148.16 2 1
github.com/murat96k/kitaptar.kz/internal/kitaptar/handler/file_path.go:148.16,151.3 2 1
github.com/murat96k/kitaptar.kz/internal/kitaptar/handler/file_path.go:153.2,153.69 1 1
github.com/murat96k/kitaptar.kz/internal/kitaptar/handler/handler.go:9.41,13.2 1 1
github.com/murat96k/kitaptar.kz/internal/kitaptar/handler/middleware.go:19.52,20.32 1 1
github.com/murat96k/kitaptar.kz/internal/kitaptar/handler/middleware.go:20.32,23.32 2 1
github.com/murat96k/kitaptar.kz/internal/kitaptar/handler/middleware.go:23.32,26.4 2 1
github.com/murat96k/kitaptar.kz/internal/kitaptar/handler/middleware.go:27.3,28.58 2 1
github.com/murat96k/kitaptar.kz/internal/kitaptar/handler/middleware.go:28.58,31.4 2 1
github.com/murat96k/kitaptar.kz/internal/kitaptar/handler/middleware.go:32.3,32.31 1 1
github.com/murat96k/kitaptar.kz/internal/kitaptar/handler/middleware.go:32.31,35.4 2 1
github.com/murat96k/kitaptar.kz/internal/kitaptar/handler/middleware.go:36.3,37.17 2 1
github.com/murat96k/kitaptar.kz/internal/kitaptar/handler/middleware.go:37.17,40.4 2 1
github.com/murat96k/kitaptar.kz/internal/kitaptar/handler/middleware.go:41.3,42.13 2 1
github.com/murat96k/kitaptar.kz/internal/kitaptar/handler/middleware.go:48.48,50.9 2 0
github.com/murat96k/kitaptar.kz/internal/kitaptar/handler/middleware.go:50.9,52.3 1 0
github.com/murat96k/kitaptar.kz/internal/kitaptar/handler/middleware.go:54.2,55.9 2 0
github.com/murat96k/kitaptar.kz/internal/kitaptar/handler/middleware.go:55.9,57.3 1 0
github.com/murat96k/kitaptar.kz/internal/kitaptar/handler/middleware.go:59.2,59.16 1 0
github.com/murat96k/kitaptar.kz/internal/kitaptar/handler/middleware.go:62.36,63.32 1 1
github.com/murat96k/kitaptar.kz/internal/kitaptar/handler/middleware.go:63.32,76.3 9 1
github.com/murat96k/kitaptar.kz/internal/kitaptar/handler/router.go:21.44,29.2 5 1
github.com/murat96k/kitaptar.kz/internal/kitaptar/handler/router.go:29.2,39.3 8 1
github.com/murat96k/kitaptar.kz/internal/kitaptar/handler/router.go:39.3,43.4 3 1
github.com/murat96k/kitaptar.kz/internal/kitaptar/handler/router.go:46.2,47.2 2 1
github.com/murat96k/kitaptar.kz/internal/kitaptar/handler/router.go:47.2,54.3 6 1
github.com/murat96k/kitaptar.kz/internal/kitaptar/handler/router.go:56.2,57.2 2 1
github.com/murat96k/kitaptar.kz/internal/kitaptar/handler/router.go:57.2,63.3 5 1
github.com/murat96k/kitaptar.kz/internal/kitaptar/handler/router.go:65.2,66.15 2 1
github.com/murat96k/kitaptar.kz/internal/user/handler/handler.go:9.41,13.2 1 1
github.com/murat96k/kitaptar.kz/internal/user/handler/middleware.go:17.52,18.32 1 1
github.com/murat96k/kitaptar.kz/internal/user/handler/middleware.go:18.32,21.32 2 1
github.com/murat96k/kitaptar.kz/internal/user/handler/middleware.go:21.32,24.4 2 1
github.com/murat96k/kitaptar.kz/internal/user/handler/middleware.go:25.3,26.58 2 1
github.com/murat96k/kitaptar.kz/internal/user/handler/middleware.go:26.58,29.4 2 1
github.com/murat96k/kitaptar.kz/internal/user/handler/middleware.go:30.3,30.31 1 1
github.com/murat96k/kitaptar.kz/internal/user/handler/middleware.go:30.31,33.4 2 1
github.com/murat96k/kitaptar.kz/internal/user/handler/middleware.go:34.3,35.17 2 1
github.com/murat96k/kitaptar.kz/internal/user/handler/middleware.go:35.17,38.4 2 1
github.com/murat96k/kitaptar.kz/internal/user/handler/middleware.go:39.3,40.13 2 1
github.com/murat96k/kitaptar.kz/internal/user/handler/middleware.go:45.48,47.9 2 1
github.com/murat96k/kitaptar.kz/internal/user/handler/middleware.go:47.9,49.3 1 0
github.com/murat96k/kitaptar.kz/internal/user/handler/middleware.go:51.2,52.9 2 1
github.com/murat96k/kitaptar.kz/internal/user/handler/middleware.go:52.9,54.3 1 0
github.com/murat96k/kitaptar.kz/internal/user/handler/middleware.go:56.2,56.16 1 1
github.com/murat96k/kitaptar.kz/internal/user/handler/router.go:20.44,26.2 4 1
github.com/murat96k/kitaptar.kz/internal/user/handler/router.go:26.2,31.3 4 1
github.com/murat96k/kitaptar.kz/internal/user/handler/router.go:33.2,34.2 2 1
github.com/murat96k/kitaptar.kz/internal/user/handler/router.go:34.2,37.3 2 1
github.com/murat96k/kitaptar.kz/internal/user/handler/router.go:39.2,39.15 1 1
github.com/murat96k/kitaptar.kz/internal/user/handler/user.go:25.48,31.16 3 1
github.com/murat96k/kitaptar.kz/internal/user/handler/user.go:31.16,34.3 2 0
github.com/murat96k/kitaptar.kz/internal/user/handler/user.go:36.2,36.43 1 1
github.com/murat96k/kitaptar.kz/internal/user/handler/user.go:36.43,39.3 2 0
github.com/murat96k/kitaptar.kz/internal/user/handler/user.go:41.2,41.38 1 1
github.com/murat96k/kitaptar.kz/internal/user/handler/user.go:41.38,44.3 2 1
github.com/murat96k/kitaptar.kz/internal/user/handler/user.go:45.2,46.16 2 1
github.com/murat96k/kitaptar.kz/internal/user/handler/user.go:46.16,49.3 2 1
github.com/murat96k/kitaptar.kz/internal/user/handler/user.go:51.2,51.70 1 1
github.com/murat96k/kitaptar.kz/internal/user/handler/user.go:64.45,67.16 2 1
github.com/murat96k/kitaptar.kz/internal/user/handler/user.go:67.16,70.3 2 0
github.com/murat96k/kitaptar.kz/internal/user/handler/user.go:71.2,72.16 2 1
github.com/murat96k/kitaptar.kz/internal/user/handler/user.go:72.16,75.3 2 1
github.com/murat96k/kitaptar.kz/internal/user/handler/user.go:77.2,77.34 1 1
github.com/murat96k/kitaptar.kz/internal/user/handler/user.go:90.48,93.16 2 1
github.com/murat96k/kitaptar.kz/internal/user/handler/user.go:93.16,96.3 2 0
github.com/murat96k/kitaptar.kz/internal/user/handler/user.go:98.2,99.16 2 1
github.com/murat96k/kitaptar.kz/internal/user/handler/user.go:99.16,102.3 2 1
github.com/murat96k/kitaptar.kz/internal/user/handler/user.go:104.2,104.64 1 1
github.com/murat96k/kitaptar.kz/internal/user/handler/user.go:120.49,124.44 2 0
github.com/murat96k/kitaptar.kz/internal/user/handler/user.go:124.44,127.3 2 0
github.com/murat96k/kitaptar.kz/internal/user/handler/user.go:129.2,130.16 2 0
github.com/murat96k/kitaptar.kz/internal/user/handler/user.go:130.16,133.3 2 0
github.com/murat96k/kitaptar.kz/internal/user/handler/user.go:135.2,136.16 2 0
github.com/murat96k/kitaptar.kz/internal/user/handler/user.go:136.16,139.3 2 0
github.com/murat96k/kitaptar.kz/internal/user/handler/user.go:141.2,141.80 1 0
github.com/murat96k/kitaptar.kz/internal/user/handler/user.go:154.49,157.16 2 0
github.com/murat96k/kitaptar.kz/internal/user/handler/user.go:157.16,160.3 2 0
github.com/murat96k/kitaptar.kz/internal/user/handler/user.go:162.2,163.16 2 0
github.com/murat96k/kitaptar.kz/internal/user/handler/user.go:163.16,166.3 2 0
github.com/murat96k/kitaptar.kz/internal/user/handler/user.go:168.2,168.32 1 0
github.com/murat96k/kitaptar.kz/internal/user/handler/user.go:185.49,188.16 2 0
github.com/murat96k/kitaptar.kz/internal/user/handler/user.go:188.16,191.3 2 0
github.com/murat96k/kitaptar.kz/internal/user/handler/user.go:193.2,194.24 2 0
github.com/murat96k/kitaptar.kz/internal/user/handler/user.go:194.24,197.3 2 0
github.com/murat96k/kitaptar.kz/internal/user/handler/user.go:199.2,201.43 2 0
github.com/murat96k/kitaptar.kz/internal/user/handler/user.go:201.43,204.3 2 0
github.com/murat96k/kitaptar.kz/internal/user/handler/user.go:206.2,207.16 2 0
github.com/murat96k/kitaptar.kz/internal/user/handler/user.go:207.16,210.3 2 0
github.com/murat96k/kitaptar.kz/internal/user/handler/user.go:212.2,212.111 1 0
github.com/murat96k/kitaptar.kz/pkg/jwttoken/token.go:15.38,19.2 1 1
github.com/murat96k/kitaptar.kz/pkg/jwttoken/token.go:21.113,33.16 5 1
github.com/murat96k/kitaptar.kz/pkg/jwttoken/token.go:33.16,36.3 2 0
github.com/murat96k/kitaptar.kz/pkg/jwttoken/token.go:37.2,37.25 1 1
github.com/murat96k/kitaptar.kz/pkg/jwttoken/token.go:40.114,53.16 5 0
github.com/murat96k/kitaptar.kz/pkg/jwttoken/token.go:53.16,56.3 2 0
github.com/murat96k/kitaptar.kz/pkg/jwttoken/token.go:58.2,59.20 2 0
github.com/murat96k/kitaptar.kz/pkg/jwttoken/token.go:62.83,66.47 1 1
github.com/murat96k/kitaptar.kz/pkg/jwttoken/token.go:66.47,68.4 1 1
github.com/murat96k/kitaptar.kz/pkg/jwttoken/token.go:70.2,70.16 1 1
github.com/murat96k/kitaptar.kz/pkg/jwttoken/token.go:70.16,72.3 1 1
github.com/murat96k/kitaptar.kz/pkg/jwttoken/token.go:73.2,74.9 2 1
github.com/murat96k/kitaptar.kz/pkg/jwttoken/token.go:74.9,77.3 2 0
github.com/murat96k/kitaptar.kz/pkg/jwttoken/token.go:78.2,78.57 1 1
github.com/murat96k/kitaptar.kz/pkg/jwttoken/token.go:78.57,81.3 2 0
github.com/murat96k/kitaptar.kz/pkg/jwttoken/token.go:82.2,82.20 1 1
github.com/murat96k/kitaptar.kz/pkg/jwttoken/token.go:85.97,89.47 1 0
github.com/murat96k/kitaptar.kz/pkg/jwttoken/token.go:89.47,91.4 1 0
github.com/murat96k/kitaptar.kz/pkg/jwttoken/token.go:93.2,93.16 1 0
github.com/murat96k/kitaptar.kz/pkg/jwttoken/token.go:93.16,95.3 1 0
github.com/murat96k/kitaptar.kz/pkg/jwttoken/token.go:96.2,97.9 2 0
github.com/murat96k/kitaptar.kz/pkg/jwttoken/token.go:97.9,100.3 2 0
github.com/murat96k/kitaptar.kz/pkg/jwttoken/token.go:101.2,101.57 1 0
github.com/murat96k/kitaptar.kz/pkg/jwttoken/token.go:101.57,104.3 2 0
github.com/murat96k/kitaptar.kz/pkg/jwttoken/token.go:105.2,105.20 1 0
github.com/murat96k/kitaptar.kz/pkg/util/password.go:8.52,10.16 2 1
github.com/murat96k/kitaptar.kz/pkg/util/password.go:10.16,12.3 1 0
github.com/murat96k/kitaptar.kz/pkg/util/password.go:13.2,13.27 1 1
github.com/murat96k/kitaptar.kz/pkg/util/password.go:16.70,21.16 4 1
github.com/murat96k/kitaptar.kz/pkg/util/password.go:21.16,23.3 1 1
github.com/murat96k/kitaptar.kz/pkg/util/password.go:24.2,24.12 1 1
